[2018-04-18 14:38:48] Laboration 1.INFO: 1 [] []
[2018-04-18 14:39:09] Laboration 1.INFO: Testlog [] []
[2018-04-18 14:40:32] Laboration 1.INFO: Testlog [] []
[2018-04-18 14:42:44] Laboration 1.INFO: Testlog [] []
[2018-04-18 14:49:46] Laboration 1.INFO: Testlog [] []
[2018-04-18 14:50:36] Laboration 1.INFO: Testlog [] []
[2018-04-18 14:57:52] Laboration 1.INFO: Testlog [] []
[2018-04-18 15:01:42] Laboration 1.INFO: Testlog [] []
[2018-04-18 15:02:04] Laboration 1.INFO: Testlog [] []
[2018-04-18 15:05:05] Laboration 1.INFO: Testlog [] []
[2018-04-18 15:08:20] Laboration 1.INFO: Testlog [] []
[2018-04-18 15:08:39] Laboration 1.INFO: Testlog [] []
[2018-04-18 15:17:44] Laboration 1.INFO: Testlog [] []
[2018-04-18 15:18:00] Laboration 1.INFO: Testlog [] []
[2018-04-18 15:19:35] Laboration 1.INFO: Testlog [] []
[2018-04-18 15:19:43] Laboration 1.INFO: Testlog [] []
[2018-04-18 15:19:51] Laboration 1.INFO: Testlog [] []
[2018-04-18 15:20:01] Laboration 1.INFO: Testlog [] []
[2018-04-18 15:20:06] Laboration 1.INFO: Testlog [] []
[2018-04-18 15:24:45] Laboration 1.INFO: Testlog [] []
[2018-04-18 15:25:20] Laboration 1.INFO: Testlog [] []
[2018-04-18 15:25:36] Laboration 1.INFO: Testlog [] []
[2018-04-18 15:26:10] Laboration 1.INFO: Testlog [] []
[2018-04-18 15:26:46] Laboration 1.INFO: Testlog [] []
[2018-04-18 15:33:51] Laboration 1.INFO: Testlog [] []
[2018-04-18 15:34:28] Laboration 1.INFO: Testlog [] []
[2018-04-18 15:35:13] Laboration 1.INFO: Testlog [] []
[2018-04-18 15:40:51] Laboration 1.INFO: Testlog [] []
[2018-04-18 15:44:34] Laboration 1.INFO: Testlog [] []
[2018-04-18 16:00:34] Laboration 1.INFO: Testlog [] []
[2018-04-18 16:05:24] Laboration 1.INFO: Testlog [] []
[2018-04-18 16:11:17] Laboration 1.INFO: Testlog [] []
[2018-04-18 16:11:27] Laboration 1.INFO: Testlog [] []
[2018-04-18 16:11:44] Laboration 1.INFO: Testlog [] []
[2018-04-18 16:39:56] Laboration 1.INFO: Testlog [] []
[2018-04-18 16:42:24] Laboration 1.INFO: Testlog [] []
[2018-04-18 16:43:24] Laboration 1.INFO: Testlog [] []
[2018-04-18 16:43:42] Laboration 1.INFO: Testlog [] []
[2018-04-18 16:44:43] Laboration 1.INFO: Testlog [] []
[2018-04-18 16:54:06] Laboration 1.INFO: Testlog [] []
[2018-04-18 21:50:48] Laboration 1.INFO: Testlog [] []
[2018-04-18 22:04:21] Laboration 1.INFO: Testlog [] []
[2018-04-18 22:04:53] Laboration 1.INFO: Testlog [] []
[2018-04-18 22:05:06] Laboration 1.INFO: Testlog [] []
[2018-04-18 22:05:23] Laboration 1.INFO: Testlog [] []
[2018-04-18 22:05:30] Laboration 1.INFO: Testlog [] []
[2018-04-18 22:05:54] Laboration 1.INFO: Testlog [] []
[2018-04-18 22:08:40] Laboration 1.INFO: Testlog [] []
[2018-04-18 22:08:53] Laboration 1.INFO: Testlog [] []
[2018-04-18 22:09:24] Laboration 1.INFO: Testlog [] []
[2018-04-18 22:10:04] Laboration 1.INFO: Testlog [] []
[2018-04-18 22:10:51] Laboration 1.INFO: Testlog [] []
[2018-04-18 22:10:54] Laboration 1.INFO: Testlog [] []
[2018-04-18 22:11:43] Laboration 1.INFO: Testlog [] []
[2018-04-18 22:12:01] Laboration 1.INFO: Testlog [] []
[2018-04-18 22:12:05] Laboration 1.INFO: Testlog [] []
[2018-04-18 22:12:55] Laboration 1.INFO: Testlog [] []
[2018-04-18 22:13:12] Laboration 1.INFO: Testlog [] []
[2018-04-18 22:13:14] Laboration 1.INFO: Testlog [] []
[2018-04-18 22:13:14] Laboration 1.INFO: Testlog [] []
[2018-04-18 22:13:16] Laboration 1.INFO: Testlog [] []
[2018-04-18 22:13:21] Laboration 1.INFO: Testlog [] []
[2018-04-18 22:13:23] Laboration 1.INFO: Testlog [] []
[2018-04-18 22:17:53] Laboration 1.INFO: Testlog [] []
[2018-04-18 22:18:26] Laboration 1.INFO: Testlog [] []
[2018-04-18 22:19:26] Laboration 1.INFO: Testlog [] []
[2018-04-18 22:20:07] Laboration 1.INFO: Testlog [] []
[2018-04-18 22:20:47] Laboration 1.INFO: Testlog [] []
[2018-04-18 22:21:03] Laboration 1.INFO: Testlog [] []
[2018-04-18 22:21:14] Laboration 1.INFO: Testlog [] []
[2018-04-18 22:21:20] Laboration 1.INFO: Testlog [] []
[2018-04-18 22:22:44] Laboration 1.INFO: Testlog [] []
[2018-04-18 22:23:26] Laboration 1.INFO: Testlog [] []
[2018-04-18 22:23:40] Laboration 1.INFO: Testlog [] []
[2018-04-18 22:24:35] Laboration 1.INFO: Testlog [] []
[2018-04-18 22:24:36] Laboration 1.INFO: Testlog [] []
[2018-04-18 22:31:16] Laboration 1.INFO: Testlog [] []
[2018-04-18 22:31:20] Laboration 1.INFO: Testlog [] []
[2018-04-18 22:31:50] Laboration 1.INFO: Testlog [] []
[2018-04-18 22:31:53] Laboration 1.INFO: Testlog [] []
[2018-04-18 22:32:06] Laboration 1.INFO: Testlog [] []
[2018-04-18 22:37:40] Laboration 1.INFO: Testlog [] []
[2018-04-18 22:37:44] Laboration 1.INFO: Testlog [] []
[2018-04-18 22:37:46] Laboration 1.INFO: Testlog [] []
[2018-04-18 22:37:48] Laboration 1.INFO: Testlog [] []
[2018-04-18 22:37:50] Laboration 1.INFO: Testlog [] []
[2018-04-18 22:38:01] Laboration 1.INFO: Testlog [] []
[2018-04-18 22:38:03] Laboration 1.INFO: Testlog [] []
[2018-04-18 22:38:04] Laboration 1.INFO: Testlog [] []
[2018-04-18 22:38:06] Laboration 1.INFO: Testlog [] []
[2018-04-18 22:38:08] Laboration 1.INFO: Testlog [] []
[2018-04-18 22:39:29] Laboration 1.INFO: Testlog [] []
[2018-04-18 22:39:31] Laboration 1.INFO: Testlog [] []
[2018-04-18 22:39:34] Laboration 1.INFO: Testlog [] []
[2018-04-18 22:39:59] Laboration 1.INFO: Testlog [] []
[2018-04-18 22:40:01] Laboration 1.INFO: Testlog [] []
[2018-04-18 22:42:03] Laboration 1.INFO: Testlog [] []
[2018-04-18 22:42:05] Laboration 1.INFO: Testlog [] []
[2018-04-18 22:42:06] Laboration 1.INFO: Testlog [] []
[2018-04-18 22:42:43] Laboration 1.INFO: Testlog [] []
[2018-04-18 22:43:06] Laboration 1.INFO: Testlog [] []
[2018-04-18 22:44:21] Laboration 1.INFO: Testlog [] []
[2018-04-18 22:45:06] Laboration 1.INFO: Testlog [] []
[2018-04-18 22:46:06] Laboration 1.INFO: Testlog [] []
[2018-04-18 22:46:07] Laboration 1.INFO: Testlog [] []
[2018-04-18 22:46:09] Laboration 1.INFO: Testlog [] []
[2018-04-18 22:46:11] Laboration 1.INFO: Testlog [] []
[2018-04-18 22:46:13] Laboration 1.INFO: Testlog [] []
[2018-04-18 22:46:26] Laboration 1.INFO: Testlog [] []
[2018-04-18 22:46:29] Laboration 1.INFO: Testlog [] []
[2018-04-18 22:46:31] Laboration 1.INFO: Testlog [] []
[2018-04-18 22:46:58] Laboration 1.INFO: Testlog [] []
[2018-04-18 22:49:49] Laboration 1.INFO: Testlog [] []
[2018-04-18 22:49:51] Laboration 1.INFO: Testlog [] []
[2018-04-18 22:49:53] Laboration 1.INFO: Testlog [] []
[2018-04-18 22:49:57] Laboration 1.INFO: Testlog [] []
[2018-04-18 22:52:28] Laboration 1.INFO: Info om hesten:Karibisk strandponny [] []
[2018-04-18 22:52:30] Laboration 1.INFO: Info om alla hestar [] []
[2018-04-18 22:52:51] Laboration 1.INFO: Info om hesten:Transsylvansk kortsvans [] []
[2018-04-18 22:53:03] Laboration 1.INFO: Info om alla hestar [] []
[2018-04-18 22:53:22] Laboration 1.INFO: Info om alla hestar [] []
[2018-04-18 22:53:24] Laboration 1.INFO: Info om hesten:Tordönsenhörning [] []
[2018-04-18 22:59:31] Laboration 1.INFO: Info om hesten:Tordönsenhörning [] []
[2018-04-18 22:59:33] Laboration 1.INFO: Info om alla hestar [] []
[2018-04-18 22:59:36] Laboration 1.INFO: Info om hesten:Nordsvensk travhörning [] []
[2018-04-18 22:59:49] Laboration 1.INFO: Info om alla hestar [] []
[2018-04-18 23:00:33] Laboration 1.INFO: Info om alla hestar [] []
[2018-04-18 23:00:35] Laboration 1.INFO: Info om hesten:Nordsvensk travhörning [] []
[2018-04-18 23:00:36] Laboration 1.INFO: Info om alla hestar [] []
[2018-04-18 23:00:39] Laboration 1.INFO: Info om hesten:Nordsvensk travhörning [] []
[2018-04-18 23:00:39] Laboration 1.INFO: Info om hesten:Nordsvensk travhörning [] []
[2018-04-18 23:12:46] Laboration 1.INFO: Info om alla hestar [] []
[2018-04-18 23:12:50] Laboration 1.INFO: Info om hesten:Tordönsenhörning [] []
[2018-04-18 23:12:52] Laboration 1.INFO: Info om alla hestar [] []
[2018-04-18 23:13:38] Laboration 1.INFO: Info om hesten:Nattaktiv hornlöpare [] []
[2018-04-18 23:14:08] Laboration 1.INFO: Info om hesten:Nattaktiv hornlöpare [] []
[2018-04-18 23:14:41] Laboration 1.INFO: Info om hesten:Nattaktiv hornlöpare [] []
[2018-04-18 23:15:16] Laboration 1.INFO: Info om hesten:Nattaktiv hornlöpare [] []
[2018-04-18 23:15:20] Laboration 1.INFO: Info om alla hestar [] []
[2018-04-18 23:15:23] Laboration 1.INFO: Info om hesten:Nattaktiv hornlöpare [] []
[2018-04-18 23:16:10] Laboration 1.INFO: Info om hesten:Nattaktiv hornlöpare [] []
[2018-04-18 23:16:30] Laboration 1.INFO: Info om hesten:Nattaktiv hornlöpare [] []
[2018-04-18 23:16:57] Laboration 1.INFO: Info om hesten:Nattaktiv hornlöpare [] []
[2018-04-18 23:17:10] Laboration 1.INFO: Info om hesten:Nattaktiv hornlöpare [] []
[2018-04-18 23:17:20] Laboration 1.INFO: Info om hesten:Nattaktiv hornlöpare [] []
[2018-04-18 23:19:33] Laboration 1.INFO: Info om hesten:Nattaktiv hornlöpare [] []
[2018-04-18 23:19:35] Laboration 1.INFO: Info om alla hestar [] []
[2018-04-18 23:19:36] Laboration 1.INFO: Info om hesten:Karibisk strandponny [] []
[2018-04-18 23:20:38] Laboration 1.INFO: Info om hesten:Karibisk strandponny [] []
[2018-04-18 23:21:38] Laboration 1.INFO: Info om hesten:Karibisk strandponny [] []
[2018-04-18 23:21:41] Laboration 1.INFO: Info om alla hestar [] []
[2018-04-18 23:21:43] Laboration 1.INFO: Info om hesten:Karibisk strandponny [] []
[2018-04-18 23:23:00] Laboration 1.INFO: Info om hesten:Karibisk strandponny [] []
[2018-04-18 23:23:02] Laboration 1.INFO: Info om alla hestar [] []
[2018-04-18 23:23:03] Laboration 1.INFO: Info om hesten:Karibisk strandponny [] []
[2018-04-18 23:30:31] Laboration 1.INFO: Info om hesten:Karibisk strandponny [] []
[2018-04-18 23:44:05] Laboration 1.INFO: Info om hesten:Karibisk strandponny [] []
[2018-04-18 23:44:06] Laboration 1.INFO: Info om alla hestar [] []
[2018-04-18 23:44:09] Laboration 1.INFO: Info om hesten:Tordönsenhörning [] []
[2018-04-18 23:44:22] Laboration 1.INFO: Info om hesten: [] []
[2018-04-18 23:44:25] Laboration 1.INFO: Info om alla hestar [] []
